<?xml version="1.0" encoding="UTF-8"?>
<!-- Generated by org.testng.reporters.JUnitReportReporter -->
<testsuite skipped="0" hostname="LV-IND-LPT-226" name="com.Zoho.TestCases.TestValidLogin" tests="1" failures="0" timestamp="24 Jun 2019 11:13:28 GMT" time="10.403" errors="0">
  <testcase name="testvalidLogin" time="10.403" classname="com.Zoho.TestCases.TestValidLogin"/>
</testsuite> <!-- com.Zoho.TestCases.TestValidLogin -->
