<?xml version="1.0" encoding="UTF-8"?>
<!-- Generated by org.testng.reporters.JUnitReportReporter -->
<testsuite skipped="0" hostname="LV-IND-LPT-226" name="com.Zoho.TestCases.TestBookread" tests="1" failures="0" timestamp="25 Jun 2019 03:15:39 GMT" time="36.498" errors="0">
  <testcase name="testBookLink" time="36.498" classname="com.Zoho.TestCases.TestBookread"/>
</testsuite> <!-- com.Zoho.TestCases.TestBookread -->
