<?xml version="1.0" encoding="UTF-8"?>
<!-- Generated by org.testng.reporters.JUnitReportReporter -->
<testsuite skipped="0" hostname="LV-IND-LPT-226" name="com.Zoho.TestCases.Rough" tests="1" failures="0" timestamp="23 Jun 2019 10:43:29 GMT" time="10.117" errors="0">
  <testcase name="Validation" time="10.117" classname="com.Zoho.TestCases.Rough"/>
</testsuite> <!-- com.Zoho.TestCases.Rough -->
